# Logfile created on 2021-03-06 08:54:55 -0500 by logger.rb/v1.4.3
I, [2021-03-06 08:54:55#49845]  INFO -- : Starting Update Job
I, [2021-03-06 08:54:55#49845]  INFO -- : Retrieving Free Company
I, [2021-03-06 08:54:55#49845]  INFO -- : GET: https://xivapi.com/freecompany/9234349560946610978?data=FCM
I, [2021-03-06 08:56:10#49944]  INFO -- : Starting Update Job
I, [2021-03-06 08:56:10#49944]  INFO -- : Retrieving Free Company
I, [2021-03-06 08:56:10#49944]  INFO -- : GET: https://xivapi.com/freecompany/9234349560946610978?data=FCM
I, [2021-03-06 08:56:16#49944]  INFO -- : FC: Moments of Genius
I, [2021-03-06 08:56:16#49944]  INFO -- : Members: 102 members
I, [2021-03-06 08:56:16#49944]  INFO -- : Retrieving Players
I, [2021-03-06 08:56:16#49944]  INFO -- : GET: https://xivapi.com/character/25599169?data=CJ
I, [2021-03-06 08:56:19#49944]  INFO -- : GET: https://xivapi.com/character/30098648?data=CJ
I, [2021-03-06 08:56:22#49944]  INFO -- : GET: https://xivapi.com/character/13935362?data=CJ
I, [2021-03-06 08:56:25#49944]  INFO -- : GET: https://xivapi.com/character/18363721?data=CJ
I, [2021-03-06 08:56:29#49944]  INFO -- : GET: https://xivapi.com/character/25636631?data=CJ
I, [2021-03-06 08:56:32#49944]  INFO -- : GET: https://xivapi.com/character/26995907?data=CJ
I, [2021-03-06 08:56:35#49944]  INFO -- : GET: https://xivapi.com/character/18757626?data=CJ
I, [2021-03-06 08:56:38#49944]  INFO -- : GET: https://xivapi.com/character/3062236?data=CJ
I, [2021-03-06 08:56:41#49944]  INFO -- : GET: https://xivapi.com/character/30386395?data=CJ
I, [2021-03-06 08:56:44#49944]  INFO -- : GET: https://xivapi.com/character/30416387?data=CJ
I, [2021-03-06 08:56:46#49944]  INFO -- : GET: https://xivapi.com/character/29205591?data=CJ
I, [2021-03-06 08:56:49#49944]  INFO -- : GET: https://xivapi.com/character/29242398?data=CJ
I, [2021-03-06 08:56:53#49944]  INFO -- : GET: https://xivapi.com/character/33173273?data=CJ
I, [2021-03-06 08:56:55#49944]  INFO -- : GET: https://xivapi.com/character/29334353?data=CJ
I, [2021-03-06 08:57:00#49944]  INFO -- : GET: https://xivapi.com/character/29502925?data=CJ
I, [2021-03-06 08:57:02#49944]  INFO -- : GET: https://xivapi.com/character/28071500?data=CJ
I, [2021-03-06 08:57:06#49944]  INFO -- : GET: https://xivapi.com/character/6318658?data=CJ
I, [2021-03-06 08:57:10#49944]  INFO -- : GET: https://xivapi.com/character/10138696?data=CJ
I, [2021-03-06 08:57:14#49944]  INFO -- : GET: https://xivapi.com/character/26758804?data=CJ
I, [2021-03-06 08:57:17#49944]  INFO -- : GET: https://xivapi.com/character/33178091?data=CJ
I, [2021-03-06 08:57:21#49944]  INFO -- : GET: https://xivapi.com/character/20968380?data=CJ
I, [2021-03-06 08:57:23#49944]  INFO -- : GET: https://xivapi.com/character/28251748?data=CJ
I, [2021-03-06 08:57:27#49944]  INFO -- : GET: https://xivapi.com/character/13800404?data=CJ
I, [2021-03-06 08:57:31#49944]  INFO -- : GET: https://xivapi.com/character/27851206?data=CJ
I, [2021-03-06 08:57:35#49944]  INFO -- : GET: https://xivapi.com/character/27044777?data=CJ
I, [2021-03-06 08:57:38#49944]  INFO -- : GET: https://xivapi.com/character/28635332?data=CJ
I, [2021-03-06 08:57:42#49944]  INFO -- : GET: https://xivapi.com/character/30208437?data=CJ
I, [2021-03-06 08:57:45#49944]  INFO -- : GET: https://xivapi.com/character/33211825?data=CJ
I, [2021-03-06 08:57:49#49944]  INFO -- : GET: https://xivapi.com/character/23672827?data=CJ
I, [2021-03-06 08:57:53#49944]  INFO -- : GET: https://xivapi.com/character/33167341?data=CJ
I, [2021-03-06 08:57:56#49944]  INFO -- : GET: https://xivapi.com/character/25692283?data=CJ
I, [2021-03-06 08:58:00#49944]  INFO -- : GET: https://xivapi.com/character/33171110?data=CJ
I, [2021-03-06 08:58:03#49944]  INFO -- : GET: https://xivapi.com/character/31671016?data=CJ
I, [2021-03-06 08:58:06#49944]  INFO -- : GET: https://xivapi.com/character/29242761?data=CJ
I, [2021-03-06 08:58:10#49944]  INFO -- : GET: https://xivapi.com/character/29675426?data=CJ
I, [2021-03-06 08:58:13#49944]  INFO -- : GET: https://xivapi.com/character/29829799?data=CJ
I, [2021-03-06 08:58:17#49944]  INFO -- : GET: https://xivapi.com/character/28175278?data=CJ
I, [2021-03-06 08:58:20#49944]  INFO -- : GET: https://xivapi.com/character/30736572?data=CJ
I, [2021-03-06 08:58:23#49944]  INFO -- : GET: https://xivapi.com/character/31233139?data=CJ
I, [2021-03-06 08:58:26#49944]  INFO -- : GET: https://xivapi.com/character/28624490?data=CJ
I, [2021-03-06 08:58:29#49944]  INFO -- : GET: https://xivapi.com/character/33854288?data=CJ
I, [2021-03-06 08:58:33#49944]  INFO -- : GET: https://xivapi.com/character/30387462?data=CJ
I, [2021-03-06 08:58:36#49944]  INFO -- : GET: https://xivapi.com/character/33619289?data=CJ
I, [2021-03-06 08:58:40#49944]  INFO -- : GET: https://xivapi.com/character/31610570?data=CJ
I, [2021-03-06 08:58:43#49944]  INFO -- : GET: https://xivapi.com/character/30093502?data=CJ
I, [2021-03-06 08:58:46#49944]  INFO -- : GET: https://xivapi.com/character/12315085?data=CJ
I, [2021-03-06 08:58:49#49944]  INFO -- : GET: https://xivapi.com/character/34347110?data=CJ
I, [2021-03-06 08:58:53#49944]  INFO -- : GET: https://xivapi.com/character/31109140?data=CJ
I, [2021-03-06 08:58:56#49944]  INFO -- : GET: https://xivapi.com/character/31927257?data=CJ
I, [2021-03-06 08:58:59#49944]  INFO -- : GET: https://xivapi.com/character/30712589?data=CJ
I, [2021-03-06 08:59:01#49944]  INFO -- : GET: https://xivapi.com/character/30947048?data=CJ
I, [2021-03-06 08:59:05#49944]  INFO -- : GET: https://xivapi.com/character/29370604?data=CJ
I, [2021-03-06 08:59:08#49944]  INFO -- : GET: https://xivapi.com/character/29070122?data=CJ
I, [2021-03-06 08:59:12#49944]  INFO -- : GET: https://xivapi.com/character/29785011?data=CJ
I, [2021-03-06 08:59:15#49944]  INFO -- : GET: https://xivapi.com/character/3132621?data=CJ
I, [2021-03-06 08:59:19#49944]  INFO -- : GET: https://xivapi.com/character/33247371?data=CJ
I, [2021-03-06 08:59:22#49944]  INFO -- : GET: https://xivapi.com/character/25920470?data=CJ
I, [2021-03-06 08:59:25#49944]  INFO -- : GET: https://xivapi.com/character/24009240?data=CJ
I, [2021-03-06 08:59:29#49944]  INFO -- : GET: https://xivapi.com/character/29283270?data=CJ
I, [2021-03-06 08:59:32#49944]  INFO -- : GET: https://xivapi.com/character/27012946?data=CJ
I, [2021-03-06 08:59:36#49944]  INFO -- : GET: https://xivapi.com/character/32990836?data=CJ
I, [2021-03-06 08:59:40#49944]  INFO -- : GET: https://xivapi.com/character/28453739?data=CJ
I, [2021-03-06 08:59:43#49944]  INFO -- : GET: https://xivapi.com/character/29242238?data=CJ
I, [2021-03-06 08:59:46#49944]  INFO -- : GET: https://xivapi.com/character/30928282?data=CJ
I, [2021-03-06 08:59:48#49944]  INFO -- : GET: https://xivapi.com/character/28753051?data=CJ
I, [2021-03-06 08:59:51#49944]  INFO -- : GET: https://xivapi.com/character/27852164?data=CJ
I, [2021-03-06 08:59:54#49944]  INFO -- : GET: https://xivapi.com/character/28673864?data=CJ
I, [2021-03-06 08:59:57#49944]  INFO -- : GET: https://xivapi.com/character/30033405?data=CJ
I, [2021-03-06 09:00:00#49944]  INFO -- : GET: https://xivapi.com/character/33948126?data=CJ
I, [2021-03-06 09:00:04#49944]  INFO -- : GET: https://xivapi.com/character/33604262?data=CJ
I, [2021-03-06 09:00:06#49944]  INFO -- : GET: https://xivapi.com/character/30499565?data=CJ
I, [2021-03-06 09:00:10#49944]  INFO -- : GET: https://xivapi.com/character/31480989?data=CJ
I, [2021-03-06 09:00:14#49944]  INFO -- : GET: https://xivapi.com/character/30389036?data=CJ
I, [2021-03-06 09:00:17#49944]  INFO -- : GET: https://xivapi.com/character/18982022?data=CJ
I, [2021-03-06 09:00:21#49944]  INFO -- : GET: https://xivapi.com/character/30950243?data=CJ
I, [2021-03-06 09:00:24#49944]  INFO -- : GET: https://xivapi.com/character/15029467?data=CJ
I, [2021-03-06 09:00:28#49944]  INFO -- : GET: https://xivapi.com/character/32192816?data=CJ
I, [2021-03-06 09:00:31#49944]  INFO -- : GET: https://xivapi.com/character/28698256?data=CJ
I, [2021-03-06 09:00:34#49944]  INFO -- : GET: https://xivapi.com/character/29283283?data=CJ
I, [2021-03-06 09:00:37#49944]  INFO -- : GET: https://xivapi.com/character/27992013?data=CJ
I, [2021-03-06 09:00:40#49944]  INFO -- : GET: https://xivapi.com/character/10114755?data=CJ
I, [2021-03-06 09:00:43#49944]  INFO -- : GET: https://xivapi.com/character/29070188?data=CJ
I, [2021-03-06 09:00:46#49944]  INFO -- : GET: https://xivapi.com/character/30489958?data=CJ
I, [2021-03-06 09:00:50#49944]  INFO -- : GET: https://xivapi.com/character/31481028?data=CJ
I, [2021-03-06 09:00:53#49944]  INFO -- : GET: https://xivapi.com/character/32748006?data=CJ
I, [2021-03-06 09:00:57#49944]  INFO -- : GET: https://xivapi.com/character/30110199?data=CJ
I, [2021-03-06 09:01:00#49944]  INFO -- : GET: https://xivapi.com/character/14039764?data=CJ
I, [2021-03-06 09:01:03#49944]  INFO -- : GET: https://xivapi.com/character/24875746?data=CJ
I, [2021-03-06 09:01:06#49944]  INFO -- : GET: https://xivapi.com/character/27044569?data=CJ
I, [2021-03-06 09:01:09#49944]  INFO -- : GET: https://xivapi.com/character/27901699?data=CJ
I, [2021-03-06 09:01:13#49944]  INFO -- : GET: https://xivapi.com/character/29230803?data=CJ
I, [2021-03-06 09:01:16#49944]  INFO -- : GET: https://xivapi.com/character/34460882?data=CJ
I, [2021-03-06 09:01:19#49944]  INFO -- : GET: https://xivapi.com/character/29194361?data=CJ
I, [2021-03-06 09:01:22#49944]  INFO -- : GET: https://xivapi.com/character/34420014?data=CJ
I, [2021-03-06 09:01:25#49944]  INFO -- : GET: https://xivapi.com/character/31272210?data=CJ
I, [2021-03-06 09:01:29#49944]  INFO -- : GET: https://xivapi.com/character/29271784?data=CJ
I, [2021-03-06 09:01:33#49944]  INFO -- : GET: https://xivapi.com/character/5525463?data=CJ
I, [2021-03-06 09:01:37#49944]  INFO -- : GET: https://xivapi.com/character/6694515?data=CJ
I, [2021-03-06 09:01:40#49944]  INFO -- : GET: https://xivapi.com/character/33179060?data=CJ
I, [2021-03-06 09:01:45#49944]  INFO -- : GET: https://xivapi.com/character/13543552?data=CJ
I, [2021-03-06 09:01:48#49944]  INFO -- : GET: https://xivapi.com/character/12003041?data=CJ
I, [2021-03-06 09:01:51#49944]  INFO -- : GET: https://xivapi.com/character/27842521?data=CJ
I, [2021-03-06 09:01:55#49944]  INFO -- : Writing file
I, [2021-03-06 09:37:09#3469]  INFO -- : Starting Update Job
I, [2021-03-06 09:37:09#3469]  INFO -- : Retrieving Free Company
I, [2021-03-06 09:37:09#3469]  INFO -- : GET: https://xivapi.com/freecompany/9234349560946610978?data=FCM
I, [2021-03-06 09:37:14#3469]  INFO -- : FC: Moments of Genius
I, [2021-03-06 09:37:14#3469]  INFO -- : Members: 102 members
I, [2021-03-06 09:37:14#3469]  INFO -- : Retrieving Players
I, [2021-03-06 09:37:14#3469]  INFO -- : GET: https://xivapi.com/character/25599169?data=CJ
I, [2021-03-06 09:37:17#3469]  INFO -- : GET: https://xivapi.com/character/30098648?data=CJ
I, [2021-03-06 09:37:21#3469]  INFO -- : GET: https://xivapi.com/character/13935362?data=CJ
